<?xml version="1.0" encoding="UTF-8"?>
<!-- Generated by org.testng.reporters.JUnitReportReporter -->
<testsuite skipped="0" hostname="UTISLAPTOP54" name="org.test.jira.IssueAPI.GetIssueDetails" tests="1" failures="0" timestamp="19 May 2020 08:44:49 GMT" time="0.228" errors="0">
  <testcase name="GetIssueTest" time="0.228" classname="org.test.jira.IssueAPI.GetIssueDetails"/>
</testsuite> <!-- org.test.jira.IssueAPI.GetIssueDetails -->
