<?xml version="1.0" encoding="UTF-8"?>
<!-- Generated by org.testng.reporters.JUnitReportReporter -->
<testsuite skipped="0" hostname="UTISLAPTOP54" name="org.test.jira.IssueAPI.CreateIssue" tests="1" failures="0" timestamp="19 May 2020 08:44:49 GMT" time="4.898" errors="0">
  <testcase name="CreateIssueTest" time="4.898" classname="org.test.jira.IssueAPI.CreateIssue"/>
</testsuite> <!-- org.test.jira.IssueAPI.CreateIssue -->
